<?xml version="1.0" encoding="UTF-8"?>
<!-- Generated by org.testng.reporters.JUnitReportReporter -->
<testsuite hostname="DELL-PC-PC" name="myjenk.NewTest" tests="1" failures="0" timestamp="12 Jan 2018 14:11:16 GMT" time="0.001" errors="0">
  <testcase name="f" time="0.001" classname="myjenk.NewTest"/>
</testsuite> <!-- myjenk.NewTest -->
